{"numTotalTestSuites":309,"numPassedTestSuites":280,"numFailedTestSuites":29,"numPendingTestSuites":0,"numTotalTests":914,"numPassedTests":898,"numFailedTests":16,"numPendingTests":0,"numTodoTests":0,"snapshot":{"added":0,"failure":false,"filesAdded":0,"filesRemoved":0,"filesRemovedList":[],"filesUnmatched":0,"filesUpdated":0,"matched":0,"total":0,"unchecked":0,"uncheckedKeysByFile":[],"unmatched":0,"updated":0,"didUpdate":false},"startTime":1783869347092,"success":false,"testResults":[{"assertionResults":[{"ancestorTitles":["ai api"],"fullName":"ai api generates campaign copy suggestions with nullable context","status":"passed","title":"generates campaign copy suggestions with nullable context","duration":12.058700000000044,"failureMessages":[],"meta":{},"tags":[]},{"ancestorTitles":["ai api"],"fullName":"ai api approves campaign copy recommendations with human review notes","status":"passed","title":"approves campaign copy recommendations with human review notes","duration":2.586999999999989,"failureMessages":[],"meta":{},"tags":[]},{"ancestorTitles":["ai api"],"fullName":"ai api searches AI customer matches with score explanations","status":"passed","title":"searches AI customer matches with score explanations","duration":2.1311000000000604,"failureMessages":[],"meta":{},"tags":[]}],"startTime":1783869702369,"endTime":1783869702386.131,"status":"passed","message":"","name":"D:/Documents/IU/AgileApp/frontend/src/api/ai.test.ts"},{"assertionResults":[{"ancestorTitles":["analytics api"],"fullName":"analytics api loads dashboard KPIs from GET /analytics/dashboard (item 440 / FR-100–107)","status":"passed","title":"loads dashboard KPIs from GET /analytics/dashboard (item 440 / FR-100–107)","duration":9.894200000000637,"failureMessages":[],"meta":{},"tags":[]},{"ancestorTitles":["analytics api"],"fullName":"analytics api falls back to empty dashboard when data is null","status":"passed","title":"falls back to empty dashboard when data is null","duration":1.4371000000001004,"failureMessages":[],"meta":{},"tags":[]},{"ancestorTitles":["analytics api"],"fullName":"analytics api loads campaign analytics from GET /analytics/campaigns/{id} (item 441 / 432)","status":"passed","title":"loads campaign analytics from GET /analytics/campaigns/{id} (item 441 / 432)","duration":1.6598000000003594,"failureMessages":[],"meta":{},"tags":[]},{"ancestorTitles":["analytics api"],"fullName":"analytics api rejects empty campaign analytics payloads","status":"passed","title":"rejects empty campaign analytics payloads","duration":2.6023999999997613,"failureMessages":[],"meta":{},"tags":[]},{"ancestorTitles":["analytics api"],"fullName":"analytics api loads product performance from GET /analytics/products/performance (item 441 / 433)","status":"passed","title":"loads product performance from GET /analytics/products/performance (item 441 / 433)","duration":1.394999999999527,"failureMessages":[],"meta":{},"tags":[]},{"ancestorTitles":["analytics api"],"fullName":"analytics api falls back to empty product performance list when data is null","status":"passed","title":"falls back to empty product performance list when data is null","duration":0.8949000000002343,"failureMessages":[],"meta":{},"tags":[]},{"ancestorTitles":["analytics api"],"fullName":"analytics api loads executive dashboard from GET /analytics/executive (item 443 / COMP-010)","status":"passed","title":"loads executive dashboard from GET /analytics/executive (item 443 / COMP-010)","duration":1.42029999999977,"failureMessages":[],"meta":{},"tags":[]},{"ancestorTitles":["analytics api"],"fullName":"analytics api falls back to empty executive dashboard when data is null","status":"passed","title":"falls back to empty executive dashboard when data is null","duration":0.6489000000001397,"failureMessages":[],"meta":{},"tags":[]}],"startTime":1783869684878,"endTime":1783869684899.649,"status":"passed","message":"","name":"D:/Documents/IU/AgileApp/frontend/src/api/analytics.test.ts"},{"assertionResults":[{"ancestorTitles":["auditLogs api"],"fullName":"auditLogs api loads audit logs from the backend audit endpoint without filters","status":"passed","title":"loads audit logs from the backend audit endpoint without filters","duration":10.355100000000675,"failureMessages":[],"meta":{},"tags":[]},{"ancestorTitles":["auditLogs api"],"fullName":"auditLogs api loads filtered audit logs with actor, action, entity, and date query params (item 533)","status":"passed","title":"loads filtered audit logs with actor, action, entity, and date query params (item 533)","duration":2.617500000000291,"failureMessages":[],"meta":{},"tags":[]},{"ancestorTitles":["auditLogs api"],"fullName":"auditLogs api loads entity history from the backend entity-history endpoint","status":"passed","title":"loads entity history from the backend entity-history endpoint","duration":1.503099999999904,"failureMessages":[],"meta":{},"tags":[]},{"ancestorTitles":["auditLogs api"],"fullName":"auditLogs api builds empty query for blank filters and detects active filters","status":"passed","title":"builds empty query for blank filters and detects active filters","duration":0.6136999999998807,"failureMessages":[],"meta":{},"tags":[]},{"ancestorTitles":["auditLogs api"],"fullName":"auditLogs api converts datetime-local values to ISO instants for the API","status":"passed","title":"converts datetime-local values to ISO instants for the API","duration":0.7700999999997293,"failureMessages":[],"meta":{},"tags":[]},{"ancestorTitles":["auditLogs api"],"fullName":"auditLogs api formats action and entity tokens for the Audit Log screen","status":"passed","title":"formats action and entity tokens for the Audit Log screen","duration":0.758600000000115,"failureMessages":[],"meta":{},"tags":[]}],"startTime":1783869698464,"endTime":1783869698481.7585,"status":"passed","message":"","name":"D:/Documents/IU/AgileApp/frontend/src/api/auditLogs.test.ts"},{"assertionResults":[{"ancestorTitles":["auth api"],"fullName":"auth api posts login credentials to the KB auth endpoint","status":"passed","title":"posts login credentials to the KB auth endpoint","duration":7.420999999999822,"failureMessages":[],"meta":{},"tags":[]}],"startTime":1783869768621,"endTime":1783869768628.421,"status":"passed","message":"","name":"D:/Documents/IU/AgileApp/frontend/src/api/auth.test.ts"},{"assertionResults":[{"ancestorTitles":["beneficiaries api"],"fullName":"beneficiaries api loads beneficiaries for a policyholder customer","status":"passed","title":"loads beneficiaries for a policyholder customer","duration":10.88130000000001,"failureMessages":[],"meta":{},"tags":[]},{"ancestorTitles":["beneficiaries api"],"fullName":"beneficiaries api updates guardian consent details for a beneficiary","status":"passed","title":"updates guardian consent details for a beneficiary","duration":2.6829999999999927,"failureMessages":[],"meta":{},"tags":[]}],"startTime":1783869695892,"endTime":1783869695905.683,"status":"passed","message":"","name":"D:/Documents/IU/AgileApp/frontend/src/api/beneficiaries.test.ts"},{"assertionResults":[{"ancestorTitles":["campaigns api"],"fullName":"campaigns api loads campaigns with KB search filters","status":"passed","title":"loads campaigns with KB search filters","duration":11.035600000000159,"failureMessages":[],"meta":{},"tags":[]},{"ancestorTitles":["campaigns api"],"fullName":"campaigns api creates and updates campaign definitions with nullable optional fields","status":"passed","title":"creates and updates campaign definitions with nullable optional fields","duration":1.8625999999994747,"failureMessages":[],"meta":{},"tags":[]},{"ancestorTitles":["campaigns api"],"fullName":"campaigns api calls submit, approve, and reject workflow endpoints","status":"passed","title":"calls submit, approve, and reject workflow endpoints","duration":2.179399999999987,"failureMessages":[],"meta":{},"tags":[]},{"ancestorTitles":["campaigns api"],"fullName":"campaigns api loads campaign details and recipient preview","status":"passed","title":"loads campaign details and recipient preview","duration":1.6911000000000058,"failureMessages":[],"meta":{},"tags":[]},{"ancestorTitles":["campaigns api"],"fullName":"campaigns api loads stored eligible campaign recipients","status":"passed","title":"loads stored eligible campaign recipients","duration":2.1817000000000917,"failureMessages":[],"meta":{},"tags":[]},{"ancestorTitles":["campaigns api"],"fullName":"campaigns api loads stored excluded campaign recipients","status":"passed","title":"loads stored excluded campaign recipients","duration":2.617000000000189,"failureMessages":[],"meta":{},"tags":[]},{"ancestorTitles":["campaigns api"],"fullName":"campaigns api loads campaign recipient launch response summary","status":"passed","title":"loads campaign recipient launch response summary","duration":1.2031000000006316,"failureMessages":[],"meta":{},"tags":[]}],"startTime":1783869680546,"endTime":1783869680569.2031,"status":"passed","message":"","name":"D:/Documents/IU/AgileApp/frontend/src/api/campaigns.test.ts"},{"assertionResults":[{"ancestorTitles":["apiRequest"],"fullName":"apiRequest sends JSON requests to the configured API base URL","status":"passed","title":"sends JSON requests to the configured API base URL","duration":8.944600000000719,"failureMessages":[],"meta":{},"tags":[]},{"ancestorTitles":["apiRequest"],"fullName":"apiRequest preserves caller headers and reports failed requests","status":"passed","title":"preserves caller headers and reports failed requests","duration":4.566799999999603,"failureMessages":[],"meta":{},"tags":[]},{"ancestorTitles":["apiRequest"],"fullName":"apiRequest exposes authorization failures for user-facing error handling","status":"passed","title":"exposes authorization failures for user-facing error handling","duration":3.4632000000001426,"failureMessages":[],"meta":{},"tags":[]},{"ancestorTitles":["apiRequest"],"fullName":"apiRequest adds the stored access token to API requests","status":"passed","title":"adds the stored access token to API requests","duration":2.114400000000387,"failureMessages":[],"meta":{},"tags":[]},{"ancestorTitles":["apiRequest"],"fullName":"apiRequest refreshes an expired access token and retries the original request","status":"passed","title":"refreshes an expired access token and retries the original request","duration":4.192599999999402,"failureMessages":[],"meta":{},"tags":[]},{"ancestorTitles":["apiRequest"],"fullName":"apiRequest clears the stored session when refresh token recovery fails","status":"passed","title":"clears the stored session when refresh token recovery fails","duration":6.681599999999889,"failureMessages":[],"meta":{},"tags":[]},{"ancestorTitles":["apiRequest"],"fullName":"apiRequest can skip stored access token attachment for public auth requests","status":"passed","title":"can skip stored access token attachment for public auth requests","duration":2.1184999999995853,"failureMessages":[],"meta":{},"tags":[]},{"ancestorTitles":["apiRequest"],"fullName":"apiRequest does not force a JSON content type for multipart form uploads","status":"passed","title":"does not force a JSON content type for multipart form uploads","duration":9.372699999999895,"failureMessages":[],"meta":{},"tags":[]},{"ancestorTitles":["apiRequest"],"fullName":"apiRequest downloads binary attachments with content-disposition filenames","status":"passed","title":"downloads binary attachments with content-disposition filenames","duration":5.908999999999651,"failureMessages":[],"meta":{},"tags":[]},{"ancestorTitles":["apiRequest"],"fullName":"apiRequest parses content-disposition filenames for report downloads","status":"passed","title":"parses content-disposition filenames for report downloads","duration":0.984599999999773,"failureMessages":[],"meta":{},"tags":[]}],"startTime":1783869667343,"endTime":1783869667391.9846,"status":"passed","message":"","name":"D:/Documents/IU/AgileApp/frontend/src/api/client.test.ts"},{"assertionResults":[{"ancestorTitles":["consents api"],"fullName":"consents api loads customer consent history with KB consent filters","status":"passed","title":"loads customer consent history with KB consent filters","duration":8.935900000000402,"failureMessages":[],"meta":{},"tags":[]},{"ancestorTitles":["consents api"],"fullName":"consents api records and withdraws consent through the KB consent endpoints","status":"passed","title":"records and withdraws consent through the KB consent endpoints","duration":1.9216000000014901,"failureMessages":[],"meta":{},"tags":[]},{"ancestorTitles":["consents api"],"fullName":"consents api records marketing opt-out as withdrawn marketing consent","status":"passed","title":"records marketing opt-out as withdrawn marketing consent","duration":0.9959000000017113,"failureMessages":[],"meta":{},"tags":[]}],"startTime":1783869736518,"endTime":1783869736529.9958,"status":"passed","message":"","name":"D:/Documents/IU/AgileApp/frontend/src/api/consents.test.ts"},{"assertionResults":[{"ancestorTitles":["contactEvents api"],"fullName":"contactEvents api loads the contact timeline with KB filters","status":"passed","title":"loads the contact timeline with KB filters","duration":7.688200000000506,"failureMessages":[],"meta":{},"tags":[]},{"ancestorTitles":["contactEvents api"],"fullName":"contactEvents api omits blank timeline filters and ALL event type","status":"passed","title":"omits blank timeline filters and ALL event type","duration":0.7100000000000364,"failureMessages":[],"meta":{},"tags":[]},{"ancestorTitles":["contactEvents api"],"fullName":"contactEvents api records a manual contact outcome","status":"passed","title":"records a manual contact outcome","duration":1.412000000000262,"failureMessages":[],"meta":{},"tags":[]},{"ancestorTitles":["contactEvents api"],"fullName":"contactEvents api formats contact enum display text","status":"passed","title":"formats contact enum display text","duration":0.8856999999998152,"failureMessages":[],"meta":{},"tags":[]}],"startTime":1783869689147,"endTime":1783869689157.8857,"status":"passed","message":"","name":"D:/Documents/IU/AgileApp/frontend/src/api/contactEvents.test.ts"},{"assertionResults":[{"ancestorTitles":["customers api"],"fullName":"customers api loads customers from the paginated endpoint","status":"passed","title":"loads customers from the paginated endpoint","duration":10.847800000000461,"failureMessages":[],"meta":{},"tags":[]},{"ancestorTitles":["customers api"],"fullName":"customers api loads customers with KB search and filter query parameters","status":"passed","title":"loads customers with KB search and filter query parameters","duration":1.6467000000002372,"failureMessages":[],"meta":{},"tags":[]},{"ancestorTitles":["customers api"],"fullName":"customers api loads a customer profile by id","status":"passed","title":"loads a customer profile by id","duration":1.143000000000029,"failureMessages":[],"meta":{},"tags":[]},{"ancestorTitles":["customers api"],"fullName":"customers api sends create and update customer form payloads","status":"passed","title":"sends create and update customer form payloads","duration":1.366899999999987,"failureMessages":[],"meta":{},"tags":[]},{"ancestorTitles":["customers api"],"fullName":"customers api soft deletes customers through the KB delete endpoint","status":"passed","title":"soft deletes customers through the KB delete endpoint","duration":1.912399999999252,"failureMessages":[],"meta":{},"tags":[]},{"ancestorTitles":["customers api"],"fullName":"customers api uploads customer and prospect CSV imports as multipart form data","status":"passed","title":"uploads customer and prospect CSV imports as multipart form data","duration":4.174600000000282,"failureMessages":[],"meta":{},"tags":[]}],"startTime":1783869681624,"endTime":1783869681646.1746,"status":"passed","message":"","name":"D:/Documents/IU/AgileApp/frontend/src/api/customers.test.ts"},{"assertionResults":[{"ancestorTitles":["followUpTasks api"],"fullName":"followUpTasks api loads follow-up tasks with KB filters","status":"passed","title":"loads follow-up tasks with KB filters","duration":8.85530000000017,"failureMessages":[],"meta":{},"tags":[]},{"ancestorTitles":["followUpTasks api"],"fullName":"followUpTasks api omits blank filters and ALL enum values","status":"passed","title":"omits blank filters and ALL enum values","duration":0.7304999999996653,"failureMessages":[],"meta":{},"tags":[]},{"ancestorTitles":["followUpTasks api"],"fullName":"followUpTasks api creates follow-up tasks with optional campaign assignee description and due date","status":"passed","title":"creates follow-up tasks with optional campaign assignee description and due date","duration":1.4726000000000568,"failureMessages":[],"meta":{},"tags":[]},{"ancestorTitles":["followUpTasks api"],"fullName":"followUpTasks api assigns follow-up tasks to a user","status":"passed","title":"assigns follow-up tasks to a user","duration":1.385300000000825,"failureMessages":[],"meta":{},"tags":[]},{"ancestorTitles":["followUpTasks api"],"fullName":"followUpTasks api formats follow-up enum display text","status":"passed","title":"formats follow-up enum display text","duration":0.5991999999996551,"failureMessages":[],"meta":{},"tags":[]}],"startTime":1783869693642,"endTime":1783869693654.599,"status":"passed","message":"","name":"D:/Documents/IU/AgileApp/frontend/src/api/followUpTasks.test.ts"},{"assertionResults":[{"ancestorTitles":["paymentRecords api"],"fullName":"paymentRecords api loads payment records for a customer profile","status":"passed","title":"loads payment records for a customer profile","duration":8.052500000000236,"failureMessages":[],"meta":{},"tags":[]},{"ancestorTitles":["paymentRecords api"],"fullName":"paymentRecords api returns saved payment records when listing customer payments","status":"passed","title":"returns saved payment records when listing customer payments","duration":1.3184000000001106,"failureMessages":[],"meta":{},"tags":[]},{"ancestorTitles":["paymentRecords api"],"fullName":"paymentRecords api creates a payment record","status":"passed","title":"creates a payment record","duration":2.673399999999674,"failureMessages":[],"meta":{},"tags":[]},{"ancestorTitles":["paymentRecords api"],"fullName":"paymentRecords api does not send create requests with an invalid amount due","status":"passed","title":"does not send create requests with an invalid amount due","duration":2.4349999999999454,"failureMessages":[],"meta":{},"tags":[]},{"ancestorTitles":["paymentRecords api"],"fullName":"paymentRecords api allows a customer service agent to create a payment record","status":"passed","title":"allows a customer service agent to create a payment record","duration":1.204200000000128,"failureMessages":[],"meta":{},"tags":[]},{"ancestorTitles":["paymentRecords api"],"fullName":"paymentRecords api updates a payment record due date and amount due","status":"passed","title":"updates a payment record due date and amount due","duration":1.1536000000000968,"failureMessages":[],"meta":{},"tags":[]},{"ancestorTitles":["paymentRecords api"],"fullName":"paymentRecords api does not send update requests with an invalid amount due","status":"passed","title":"does not send update requests with an invalid amount due","duration":0.6520999999997912,"failureMessages":[],"meta":{},"tags":[]},{"ancestorTitles":["paymentRecords api"],"fullName":"paymentRecords api marks a payment record as paid","status":"passed","title":"marks a payment record as paid","duration":1.0147000000001754,"failureMessages":[],"meta":{},"tags":[]},{"ancestorTitles":["paymentRecords api"],"fullName":"paymentRecords api does not send mark-paid requests with a blank amount paid","status":"passed","title":"does not send mark-paid requests with a blank amount paid","duration":1.2921999999998661,"failureMessages":[],"meta":{},"tags":[]},{"ancestorTitles":["paymentRecords api"],"fullName":"paymentRecords api allows a customer service agent to mark a payment record paid","status":"passed","title":"allows a customer service agent to mark a payment record paid","duration":1.1199000000001433,"failureMessages":[],"meta":{},"tags":[]},{"ancestorTitles":["paymentRecords api"],"fullName":"paymentRecords api marks a payment record overdue and increments reminders","status":"passed","title":"marks a payment record overdue and increments reminders","duration":2.007299999999759,"failureMessages":[],"meta":{},"tags":[]}],"startTime":1783869675868,"endTime":1783869675891.0073,"status":"passed","message":"","name":"D:/Documents/IU/AgileApp/frontend/src/api/paymentRecords.test.ts"},{"assertionResults":[{"ancestorTitles":["productChangeRequests api"],"fullName":"productChangeRequests api loads product change requests with search filters","status":"passed","title":"loads product change requests with search filters","duration":7.466899999999441,"failureMessages":[],"meta":{},"tags":[]},{"ancestorTitles":["productChangeRequests api"],"fullName":"productChangeRequests api creates a product change request","status":"passed","title":"creates a product change request","duration":1.6156000000000859,"failureMessages":[],"meta":{},"tags":[]},{"ancestorTitles":["productChangeRequests api"],"fullName":"productChangeRequests api allows a product manager to create a product change request","status":"passed","title":"allows a product manager to create a product change request","duration":1.639299999999821,"failureMessages":[],"meta":{},"tags":[]},{"ancestorTitles":["productChangeRequests api"],"fullName":"productChangeRequests api returns saved product change requests when listing for tracking","status":"passed","title":"returns saved product change requests when listing for tracking","duration":2.045900000000074,"failureMessages":[],"meta":{},"tags":[]},{"ancestorTitles":["productChangeRequests api"],"fullName":"productChangeRequests api updates an open product change request","status":"passed","title":"updates an open product change request","duration":1.3919000000005326,"failureMessages":[],"meta":{},"tags":[]},{"ancestorTitles":["productChangeRequests api"],"fullName":"productChangeRequests api approves a product change request","status":"passed","title":"approves a product change request","duration":1.111800000000585,"failureMessages":[],"meta":{},"tags":[]},{"ancestorTitles":["productChangeRequests api"],"fullName":"productChangeRequests api rejects a product change request","status":"passed","title":"rejects a product change request","duration":0.9359000000004016,"failureMessages":[],"meta":{},"tags":[]},{"ancestorTitles":["productChangeRequests api"],"fullName":"productChangeRequests api marks a product change request as implemented","status":"passed","title":"marks a product change request as implemented","duration":1.176499999999578,"failureMessages":[],"meta":{},"tags":[]}],"startTime":1783869689148,"endTime":1783869689165.1765,"status":"passed","message":"","name":"D:/Documents/IU/AgileApp/frontend/src/api/productChangeRequests.test.ts"},{"assertionResults":[{"ancestorTitles":["productOwnerships api"],"fullName":"productOwnerships api returns saved expiration dates when listing customer product ownerships","status":"passed","title":"returns saved expiration dates when listing customer product ownerships","duration":10.521600000000035,"failureMessages":[],"meta":{},"tags":[]},{"ancestorTitles":["productOwnerships api"],"fullName":"productOwnerships api loads product ownership records for a customer profile","status":"passed","title":"loads product ownership records for a customer profile","duration":3.4965000000001965,"failureMessages":[],"meta":{},"tags":[]},{"ancestorTitles":["productOwnerships api"],"fullName":"productOwnerships api allows a product manager to assign a product to a customer","status":"passed","title":"allows a product manager to assign a product to a customer","duration":1.6226000000006024,"failureMessages":[],"meta":{},"tags":[]},{"ancestorTitles":["productOwnerships api"],"fullName":"productOwnerships api assigns a product to a customer","status":"passed","title":"assigns a product to a customer","duration":1.1060999999999694,"failureMessages":[],"meta":{},"tags":[]},{"ancestorTitles":["productOwnerships api"],"fullName":"productOwnerships api updates a product ownership policy number and expiration date","status":"passed","title":"updates a product ownership policy number and expiration date","duration":3.258600000000115,"failureMessages":[],"meta":{},"tags":[]}],"startTime":1783869690959,"endTime":1783869690979.2585,"status":"passed","message":"","name":"D:/Documents/IU/AgileApp/frontend/src/api/productOwnerships.test.ts"},{"assertionResults":[{"ancestorTitles":["products api"],"fullName":"products api loads products from the search endpoint","status":"passed","title":"loads products from the search endpoint","duration":9.373600000000351,"failureMessages":[],"meta":{},"tags":[]},{"ancestorTitles":["products api"],"fullName":"products api loads products with KB search and filter query parameters","status":"passed","title":"loads products with KB search and filter query parameters","duration":1.7234000000003107,"failureMessages":[],"meta":{},"tags":[]},{"ancestorTitles":["products api"],"fullName":"products api loads products with a search term filter only","status":"passed","title":"loads products with a search term filter only","duration":1.1152999999999338,"failureMessages":[],"meta":{},"tags":[]},{"ancestorTitles":["products api"],"fullName":"products api loads products with an inactive status filter only","status":"passed","title":"loads products with an inactive status filter only","duration":0.903400000000147,"failureMessages":[],"meta":{},"tags":[]},{"ancestorTitles":["products api"],"fullName":"products api loads a product by id","status":"passed","title":"loads a product by id","duration":1.2092999999999847,"failureMessages":[],"meta":{},"tags":[]},{"ancestorTitles":["products api"],"fullName":"products api rejects unauthorized product creation without authentication","status":"passed","title":"rejects unauthorized product creation without authentication","duration":2.671100000000024,"failureMessages":[],"meta":{},"tags":[]},{"ancestorTitles":["products api"],"fullName":"products api rejects unauthorized product creation for read-only roles","status":"passed","title":"rejects unauthorized product creation for read-only roles","duration":1.372400000000198,"failureMessages":[],"meta":{},"tags":[]},{"ancestorTitles":["products api"],"fullName":"products api allows a product manager to create a product","status":"passed","title":"allows a product manager to create a product","duration":1.4841999999998734,"failureMessages":[],"meta":{},"tags":[]},{"ancestorTitles":["products api"],"fullName":"products api creates a product","status":"passed","title":"creates a product","duration":3.15079999999989,"failureMessages":[],"meta":{},"tags":[]},{"ancestorTitles":["products api"],"fullName":"products api allows a product manager to update a product","status":"passed","title":"allows a product manager to update a product","duration":2.188999999999851,"failureMessages":[],"meta":{},"tags":[]},{"ancestorTitles":["products api"],"fullName":"products api updates a product","status":"passed","title":"updates a product","duration":1.587800000000243,"failureMessages":[],"meta":{},"tags":[]},{"ancestorTitles":["products api"],"fullName":"products api allows a product manager to disable a product","status":"passed","title":"allows a product manager to disable a product","duration":0.8745000000003529,"failureMessages":[],"meta":{},"tags":[]},{"ancestorTitles":["products api"],"fullName":"products api disables a product","status":"passed","title":"disables a product","duration":0.6808000000000902,"failureMessages":[],"meta":{},"tags":[]},{"ancestorTitles":["products api"],"fullName":"products api soft-deletes a product","status":"passed","title":"soft-deletes a product","duration":0.6815000000001419,"failureMessages":[],"meta":{},"tags":[]}],"startTime":1783869672805,"endTime":1783869672834.6814,"status":"passed","message":"","name":"D:/Documents/IU/AgileApp/frontend/src/api/products.test.ts"},{"assertionResults":[{"ancestorTitles":["reminders api"],"fullName":"reminders api loads reminders with KB filters","status":"passed","title":"loads reminders with KB filters","duration":9.838400000000092,"failureMessages":[],"meta":{},"tags":[]},{"ancestorTitles":["reminders api"],"fullName":"reminders api creates payment and product-expiration reminders with trimmed IDs","status":"passed","title":"creates payment and product-expiration reminders with trimmed IDs","duration":1.86850000000004,"failureMessages":[],"meta":{},"tags":[]},{"ancestorTitles":["reminders api"],"fullName":"reminders api calls due processing, manual trigger, mark sent, and cancel endpoints","status":"passed","title":"calls due processing, manual trigger, mark sent, and cancel endpoints","duration":1.510200000000168,"failureMessages":[],"meta":{},"tags":[]},{"ancestorTitles":["reminders api"],"fullName":"reminders api omits blank filters and ALL status values","status":"passed","title":"omits blank filters and ALL status values","duration":0.44319999999970605,"failureMessages":[],"meta":{},"tags":[]},{"ancestorTitles":["reminders api"],"fullName":"reminders api formats reminder enum display text","status":"passed","title":"formats reminder enum display text","duration":0.4693999999999505,"failureMessages":[],"meta":{},"tags":[]}],"startTime":1783869676859,"endTime":1783869676873.4695,"status":"passed","message":"","name":"D:/Documents/IU/AgileApp/frontend/src/api/reminders.test.ts"},{"assertionResults":[{"ancestorTitles":["reports api (item 442)"],"fullName":"reports api (item 442) downloads campaign CSV attachments (FR-109)","status":"passed","title":"downloads campaign CSV attachments (FR-109)","duration":11.444799999999304,"failureMessages":[],"meta":{},"tags":[]},{"ancestorTitles":["reports api (item 442)"],"fullName":"reports api (item 442) downloads campaign PDF attachments (FR-110)","status":"passed","title":"downloads campaign PDF attachments (FR-110)","duration":3.8398999999999432,"failureMessages":[],"meta":{},"tags":[]},{"ancestorTitles":["reports api (item 442)"],"fullName":"reports api (item 442) triggers browser download for campaign CSV export","status":"passed","title":"triggers browser download for campaign CSV export","duration":8.54069999999956,"failureMessages":[],"meta":{},"tags":[]},{"ancestorTitles":["reports api (item 442)"],"fullName":"reports api (item 442) triggers browser download for campaign PDF export","status":"passed","title":"triggers browser download for campaign PDF export","duration":4.024400000000242,"failureMessages":[],"meta":{},"tags":[]},{"ancestorTitles":["reports api (item 442)"],"fullName":"reports api (item 442) lists export history with mine and status filters (item 439)","status":"passed","title":"lists export history with mine and status filters (item 439)","duration":2.8833000000004176,"failureMessages":[],"meta":{},"tags":[]},{"ancestorTitles":["reports api (item 442)"],"fullName":"reports api (item 442) falls back to empty export history when data is null","status":"passed","title":"falls back to empty export history when data is null","duration":1.1284000000005108,"failureMessages":[],"meta":{},"tags":[]},{"ancestorTitles":["reports api (item 442)"],"fullName":"reports api (item 442) loads a single export history row","status":"passed","title":"loads a single export history row","duration":1.4056999999993423,"failureMessages":[],"meta":{},"tags":[]}],"startTime":1783869667676,"endTime":1783869667710.4058,"status":"passed","message":"","name":"D:/Documents/IU/AgileApp/frontend/src/api/reports.test.ts"},{"assertionResults":[{"ancestorTitles":["segments API"],"fullName":"segments API lists segments with optional search filters","status":"passed","title":"lists segments with optional search filters","duration":10.992200000000594,"failureMessages":[],"meta":{},"tags":[]},{"ancestorTitles":["segments API"],"fullName":"segments API loads a single segment by id","status":"passed","title":"loads a single segment by id","duration":2.591500000000451,"failureMessages":[],"meta":{},"tags":[]},{"ancestorTitles":["segments API"],"fullName":"segments API creates and updates segments with normalized write payloads","status":"passed","title":"creates and updates segments with normalized write payloads","duration":1.9668999999994412,"failureMessages":[],"meta":{},"tags":[]},{"ancestorTitles":["segments API"],"fullName":"segments API deletes a segment","status":"passed","title":"deletes a segment","duration":0.9013999999997395,"failureMessages":[],"meta":{},"tags":[]},{"ancestorTitles":["segments API"],"fullName":"segments API previews audience for criteria","status":"passed","title":"previews audience for criteria","duration":1.1059999999997672,"failureMessages":[],"meta":{},"tags":[]},{"ancestorTitles":["segments API"],"fullName":"segments API uses only eligibility-gated preview endpoint as contactable audience API (item 208)","status":"passed","title":"uses only eligibility-gated preview endpoint as contactable audience API (item 208)","duration":0.9306000000005952,"failureMessages":[],"meta":{},"tags":[]},{"ancestorTitles":["segments API"],"fullName":"segments API preview response includes FR-079 eligible and excluded counts (item 199)","status":"passed","title":"preview response includes FR-079 eligible and excluded counts (item 199)","duration":0.7211000000006607,"failureMessages":[],"meta":{},"tags":[]},{"ancestorTitles":["segments API"],"fullName":"segments API maps segment views to forms and provides empty form defaults","status":"passed","title":"maps segment views to forms and provides empty form defaults","duration":0.518500000000131,"failureMessages":[],"meta":{},"tags":[]}],"startTime":1783869686084,"endTime":1783869686103.7212,"status":"passed","message":"","name":"D:/Documents/IU/AgileApp/frontend/src/api/segments.test.ts"},{"assertionResults":[{"ancestorTitles":["systemSettings api (item 534)"],"fullName":"systemSettings api (item 534) loads system settings from the admin endpoint","status":"passed","title":"loads system settings from the admin endpoint","duration":29.606300000000374,"failureMessages":[],"meta":{},"tags":[]},{"ancestorTitles":["systemSettings api (item 534)"],"fullName":"systemSettings api (item 534) updates system settings via PUT","status":"passed","title":"updates system settings via PUT","duration":2.844199999999546,"failureMessages":[],"meta":{},"tags":[]}],"startTime":1783869749805,"endTime":1783869749837.8442,"status":"passed","message":"","name":"D:/Documents/IU/AgileApp/frontend/src/api/systemSettings.test.ts"},{"assertionResults":[{"ancestorTitles":["users api"],"fullName":"users api loads users with optional status filtering","status":"passed","title":"loads users with optional status filtering","duration":10.045900000000074,"failureMessages":[],"meta":{},"tags":[]},{"ancestorTitles":["users api"],"fullName":"users api sends create, update, disable, role, and password requests","status":"passed","title":"sends create, update, disable, role, and password requests","duration":2.965100000000348,"failureMessages":[],"meta":{},"tags":[]}],"startTime":1783869739523,"endTime":1783869739535.965,"status":"passed","message":"","name":"D:/Documents/IU/AgileApp/frontend/src/api/users.test.ts"},{"assertionResults":[{"ancestorTitles":["App"],"fullName":"App renders the login screen before an employee is authenticated","status":"passed","title":"renders the login screen before an employee is authenticated","duration":418.03060000000005,"failureMessages":[],"meta":{},"tags":[]}],"startTime":1783869641412,"endTime":1783869641830.0305,"status":"passed","message":"","name":"D:/Documents/IU/AgileApp/frontend/src/app/App.test.tsx"},{"assertionResults":[{"ancestorTitles":["application routing"],"fullName":"application routing redirects unauthenticated protected routes to login","status":"passed","title":"redirects unauthenticated protected routes to login","duration":458.3683999999994,"failureMessages":[],"meta":{},"tags":[]},{"ancestorTitles":["application routing"],"fullName":"application routing redirects authenticated root route to the dashboard","status":"passed","title":"redirects authenticated root route to the dashboard","duration":358.1178999999993,"failureMessages":[],"meta":{},"tags":[]},{"ancestorTitles":["application routing"],"fullName":"application routing renders campaign work from the API on the campaigns route","status":"passed","title":"renders campaign work from the API on the campaigns route","duration":285.3113000000012,"failureMessages":[],"meta":{},"tags":[]},{"ancestorTitles":["application routing"],"fullName":"application routing registers the protected campaign recipient preview route","status":"passed","title":"registers the protected campaign recipient preview route","duration":306.15020000000004,"failureMessages":[],"meta":{},"tags":[]},{"ancestorTitles":["application routing"],"fullName":"application routing registers the protected customer details route","status":"passed","title":"registers the protected customer details route","duration":165.59449999999924,"failureMessages":[],"meta":{},"tags":[]},{"ancestorTitles":["application routing"],"fullName":"application routing registers the protected follow-up tasks route","status":"passed","title":"registers the protected follow-up tasks route","duration":149.0653999999995,"failureMessages":[],"meta":{},"tags":[]},{"ancestorTitles":["application routing"],"fullName":"application routing registers the protected reminders route","status":"passed","title":"registers the protected reminders route","duration":129.125,"failureMessages":[],"meta":{},"tags":[]},{"ancestorTitles":["application routing"],"fullName":"application routing renders the login route outside the main application shell","status":"passed","title":"renders the login route outside the main application shell","duration":45.80589999999938,"failureMessages":[],"meta":{},"tags":[]}],"startTime":1783869524298,"endTime":1783869526195.806,"status":"passed","message":"","name":"D:/Documents/IU/AgileApp/frontend/src/app/router.integration.test.tsx"},{"assertionResults":[{"ancestorTitles":["responsive layout CSS"],"fullName":"responsive layout CSS keeps a desktop shell with a sticky sidebar","status":"passed","title":"keeps a desktop shell with a sticky sidebar","duration":2.891200000000026,"failureMessages":[],"meta":{},"tags":[]},{"ancestorTitles":["responsive layout CSS"],"fullName":"responsive layout CSS defines a tablet shell and two-column content layout","status":"passed","title":"defines a tablet shell and two-column content layout","duration":0.751100000000406,"failureMessages":[],"meta":{},"tags":[]},{"ancestorTitles":["responsive layout CSS"],"fullName":"responsive layout CSS keeps mobile internal-use screens usable","status":"passed","title":"keeps mobile internal-use screens usable","duration":0.47370000000046275,"failureMessages":[],"meta":{},"tags":[]},{"ancestorTitles":["responsive layout CSS"],"fullName":"responsive layout CSS provides visible keyboard focus indicators","status":"passed","title":"provides visible keyboard focus indicators","duration":0.4867999999996755,"failureMessages":[],"meta":{},"tags":[]},{"ancestorTitles":["responsive layout CSS"],"fullName":"responsive layout CSS supports associated labels for compact form controls","status":"passed","title":"supports associated labels for compact form controls","duration":0.3103000000000975,"failureMessages":[],"meta":{},"tags":[]},{"ancestorTitles":["responsive layout CSS"],"fullName":"responsive layout CSS keeps shared UI color pairs at accessible contrast","status":"passed","title":"keeps shared UI color pairs at accessible contrast","duration":1.099500000000262,"failureMessages":[],"meta":{},"tags":[]}],"startTime":1783869760952,"endTime":1783869760958.0996,"status":"passed","message":"","name":"D:/Documents/IU/AgileApp/frontend/src/app/styles.test.ts"},{"assertionResults":[{"ancestorTitles":["AuthProvider"],"fullName":"AuthProvider hydrates authenticated user state from session storage","status":"passed","title":"hydrates authenticated user state from session storage","duration":80.13330000000042,"failureMessages":[],"meta":{},"tags":[]},{"ancestorTitles":["AuthProvider"],"fullName":"AuthProvider clears incomplete or invalid stored auth state","status":"passed","title":"clears incomplete or invalid stored auth state","duration":8.921199999999772,"failureMessages":[],"meta":{},"tags":[]},{"ancestorTitles":["AuthProvider"],"fullName":"AuthProvider signs in through the backend and stores auth state","status":"passed","title":"signs in through the backend and stores auth state","duration":411.64130000000023,"failureMessages":[],"meta":{},"tags":[]},{"ancestorTitles":["AuthProvider"],"fullName":"AuthProvider signs out and removes stored auth state","status":"passed","title":"signs out and removes stored auth state","duration":99.77309999999943,"failureMessages":[],"meta":{},"tags":[]},{"ancestorTitles":["AuthProvider"],"fullName":"AuthProvider updates provider state when API token refresh saves a new session","status":"passed","title":"updates provider state when API token refresh saves a new session","duration":34.136100000000624,"failureMessages":[],"meta":{},"tags":[]},{"ancestorTitles":["AuthProvider"],"fullName":"AuthProvider clears provider state when API refresh failure clears the stored session","status":"passed","title":"clears provider state when API refresh failure clears the stored session","duration":21.64350000000013,"failureMessages":[],"meta":{},"tags":[]}],"startTime":1783869628022,"endTime":1783869628678.6436,"status":"passed","message":"","name":"D:/Documents/IU/AgileApp/frontend/src/auth/AuthProvider.test.tsx"},{"assertionResults":[{"ancestorTitles":["sessionStorage auth strategy"],"fullName":"sessionStorage auth strategy stores and loads the authenticated session from session storage","status":"passed","title":"stores and loads the authenticated session from session storage","duration":4.961600000000544,"failureMessages":[],"meta":{},"tags":[]},{"ancestorTitles":["sessionStorage auth strategy"],"fullName":"sessionStorage auth strategy does not persist auth tokens in local storage","status":"passed","title":"does not persist auth tokens in local storage","duration":0.8886999999995169,"failureMessages":[],"meta":{},"tags":[]},{"ancestorTitles":["sessionStorage auth strategy"],"fullName":"sessionStorage auth strategy extracts known role names from the stored access token","status":"passed","title":"extracts known role names from the stored access token","duration":0.38589999999931024,"failureMessages":[],"meta":{},"tags":[]},{"ancestorTitles":["sessionStorage auth strategy"],"fullName":"sessionStorage auth strategy returns no roles for malformed access tokens","status":"passed","title":"returns no roles for malformed access tokens","duration":0.35389999999915744,"failureMessages":[],"meta":{},"tags":[]},{"ancestorTitles":["sessionStorage auth strategy"],"fullName":"sessionStorage auth strategy clears stored session values on sign out","status":"passed","title":"clears stored session values on sign out","duration":1.0376999999998588,"failureMessages":[],"meta":{},"tags":[]},{"ancestorTitles":["sessionStorage auth strategy"],"fullName":"sessionStorage auth strategy clears incomplete stored sessions","status":"passed","title":"clears incomplete stored sessions","duration":0.48909999999978027,"failureMessages":[],"meta":{},"tags":[]},{"ancestorTitles":["sessionStorage auth strategy"],"fullName":"sessionStorage auth strategy clears invalid stored user payloads","status":"passed","title":"clears invalid stored user payloads","duration":0.5307000000002517,"failureMessages":[],"meta":{},"tags":[]},{"ancestorTitles":["sessionStorage auth strategy"],"fullName":"sessionStorage auth strategy clears non-object stored user payloads","status":"passed","title":"clears non-object stored user payloads","duration":0.4910999999992782,"failureMessages":[],"meta":{},"tags":[]}],"startTime":1783869746156,"endTime":1783869746165.4912,"status":"passed","message":"","name":"D:/Documents/IU/AgileApp/frontend/src/auth/sessionStorageStrategy.test.ts"},{"assertionResults":[{"ancestorTitles":["AiExplanationDisplay (item 491)"],"fullName":"AiExplanationDisplay (item 491) renders explanation, confidence, and stored recommendation id","status":"passed","title":"renders explanation, confidence, and stored recommendation id","duration":79.52300000000014,"failureMessages":[],"meta":{},"tags":[]},{"ancestorTitles":["AiExplanationDisplay (item 491)"],"fullName":"AiExplanationDisplay (item 491) renders weighted score factors for AI search and risk explanations","status":"passed","title":"renders weighted score factors for AI search and risk explanations","duration":15.715900000000147,"failureMessages":[],"meta":{},"tags":[]},{"ancestorTitles":["AiExplanationDisplay (item 491)"],"fullName":"AiExplanationDisplay (item 491) renders nothing for blank explanations","status":"passed","title":"renders nothing for blank explanations","duration":6.284099999999853,"failureMessages":[],"meta":{},"tags":[]}],"startTime":1783869654459,"endTime":1783869654560.2842,"status":"passed","message":"","name":"D:/Documents/IU/AgileApp/frontend/src/components/AiExplanationDisplay.test.tsx"},{"assertionResults":[{"ancestorTitles":["AiRecommendationSections (item 490)"],"fullName":"AiRecommendationSections (item 490) builds all AI recommendation sections for campaign managers","status":"passed","title":"builds all AI recommendation sections for campaign managers","duration":3.1570000000010623,"failureMessages":[],"meta":{},"tags":[]},{"ancestorTitles":["AiRecommendationSections (item 490)"],"fullName":"AiRecommendationSections (item 490) limits BI analysts to customer, duplicate, segment, and product sections","status":"passed","title":"limits BI analysts to customer, duplicate, segment, and product sections","duration":0.5653999999994994,"failureMessages":[],"meta":{},"tags":[]},{"ancestorTitles":["AiRecommendationSections (item 490)"],"fullName":"AiRecommendationSections (item 490) renders links for available AI recommendation sections","status":"passed","title":"renders links for available AI recommendation sections","duration":443.72500000000036,"failureMessages":[],"meta":{},"tags":[]},{"ancestorTitles":["AiRecommendationSections (item 490)"],"fullName":"AiRecommendationSections (item 490) renders nothing when no AI sections are available","status":"passed","title":"renders nothing when no AI sections are available","duration":8.806499999998778,"failureMessages":[],"meta":{},"tags":[]}],"startTime":1783869622330,"endTime":1783869622786.8064,"status":"passed","message":"","name":"D:/Documents/IU/AgileApp/frontend/src/components/AiRecommendationSections.test.tsx"},{"assertionResults":[{"ancestorTitles":["AppLayout role-based navigation"],"fullName":"AppLayout role-based navigation implements the authenticated application shell layout","status":"passed","title":"implements the authenticated application shell layout","duration":687.9030999999995,"failureMessages":[],"meta":{},"tags":[]},{"ancestorTitles":["AppLayout role-based navigation"],"fullName":"AppLayout role-based navigation uses route breadcrumbs and page headings for nested workflow pages","status":"passed","title":"uses route breadcrumbs and page headings for nested workflow pages","duration":93.44810000000143,"failureMessages":[],"meta":{},"tags":[]},{"ancestorTitles":["AppLayout role-based navigation"],"fullName":"AppLayout role-based navigation shows a shared loading state while application data is loading","status":"passed","title":"shows a shared loading state while application data is loading","duration":202.33039999999892,"failureMessages":[],"meta":{},"tags":[]},{"ancestorTitles":["AppLayout role-based navigation"],"fullName":"AppLayout role-based navigation shows an empty navigation state when no menu items are available","status":"passed","title":"shows an empty navigation state when no menu items are available","duration":23.898600000000442,"failureMessages":[],"meta":{},"tags":[]},{"ancestorTitles":["AppLayout role-based navigation"],"fullName":"AppLayout role-based navigation opens the top bar user menu with identity, roles, and sign out","status":"passed","title":"opens the top bar user menu with identity, roles, and sign out","duration":209.95299999999952,"failureMessages":[],"meta":{},"tags":[]},{"ancestorTitles":["AppLayout role-based navigation"],"fullName":"AppLayout role-based navigation supports keyboard navigation for the top bar user menu","status":"passed","title":"supports keyboard navigation for the top bar user menu","duration":231.1851999999999,"failureMessages":[],"meta":{},"tags":[]},{"ancestorTitles":["AppLayout role-based navigation"],"fullName":"AppLayout role-based navigation shows administrative navigation for admins","status":"passed","title":"shows administrative navigation for admins","duration":262.7366000000002,"failureMessages":[],"meta":{},"tags":[]},{"ancestorTitles":["AppLayout role-based navigation"],"fullName":"AppLayout role-based navigation shows campaign work without admin-only links for campaign managers","status":"passed","title":"shows campaign work without admin-only links for campaign managers","duration":95.08110000000124,"failureMessages":[],"meta":{},"tags":[]},{"ancestorTitles":["AppLayout role-based navigation"],"fullName":"AppLayout role-based navigation shows analytics and reports without operational links for BI analysts","status":"passed","title":"shows analytics and reports without operational links for BI analysts","duration":113.48470000000088,"failureMessages":[],"meta":{},"tags":[]},{"ancestorTitles":["AppLayout role-based navigation"],"fullName":"AppLayout role-based navigation shows product workflows with read-only customer access for product managers","status":"passed","title":"shows product workflows with read-only customer access for product managers","duration":65.98810000000049,"failureMessages":[],"meta":{},"tags":[]},{"ancestorTitles":["AppLayout role-based navigation"],"fullName":"AppLayout role-based navigation shows compliance menus without user administration for compliance officers","status":"passed","title":"shows compliance menus without user administration for compliance officers","duration":111.82610000000022,"failureMessages":[],"meta":{},"tags":[]},{"ancestorTitles":["AppLayout role-based navigation"],"fullName":"AppLayout role-based navigation shows KB role-based menu visibility for 'CUSTOMER_SERVICE_AGENT'","status":"passed","title":"shows KB role-based menu visibility for 'CUSTOMER_SERVICE_AGENT'","duration":81.1820000000007,"failureMessages":[],"meta":{},"tags":[]},{"ancestorTitles":["AppLayout role-based navigation"],"fullName":"AppLayout role-based navigation shows KB role-based menu visibility for 'SALES_AGENT'","status":"passed","title":"shows KB role-based menu visibility for 'SALES_AGENT'","duration":66.15040000000045,"failureMessages":[],"meta":{},"tags":[]},{"ancestorTitles":["AppLayout role-based navigation"],"fullName":"AppLayout role-based navigation shows KB role-based menu visibility for 'MARKETING_ANALYST'","status":"passed","title":"shows KB role-based menu visibility for 'MARKETING_ANALYST'","duration":38.22569999999905,"failureMessages":[],"meta":{},"tags":[]},{"ancestorTitles":["AppLayout role-based navigation"],"fullName":"AppLayout role-based navigation shows KB role-based menu visibility for 'EXECUTIVE_VIEWER'","status":"passed","title":"shows KB role-based menu visibility for 'EXECUTIVE_VIEWER'","duration":41.892399999998815,"failureMessages":[],"meta":{},"tags":[]},{"ancestorTitles":["AppLayout role-based navigation"],"fullName":"AppLayout role-based navigation shows KB role-based menu visibility for 'SYSTEM_AUDITOR'","status":"passed","title":"shows KB role-based menu visibility for 'SYSTEM_AUDITOR'","duration":54.636899999999514,"failureMessages":[],"meta":{},"tags":[]},{"ancestorTitles":["AppLayout role-based navigation"],"fullName":"AppLayout role-based navigation combines menu visibility when a user has multiple roles","status":"passed","title":"combines menu visibility when a user has multiple roles","duration":104.67380000000048,"failureMessages":[],"meta":{},"tags":[]},{"ancestorTitles":["AppLayout role-based navigation"],"fullName":"AppLayout role-based navigation shows connected health when the backend health endpoint responds","status":"passed","title":"shows connected health when the backend health endpoint responds","duration":65.8130000000001,"failureMessages":[],"meta":{},"tags":[]},{"ancestorTitles":["AppLayout role-based navigation"],"fullName":"AppLayout role-based navigation shows the not connected message only when the health endpoint fails","status":"passed","title":"shows the not connected message only when the health endpoint fails","duration":76.3109000000004,"failureMessages":[],"meta":{},"tags":[]}],"startTime":1783869520066,"endTime":1783869522694.3108,"status":"passed","message":"","name":"D:/Documents/IU/AgileApp/frontend/src/components/AppLayout.test.tsx"},{"assertionResults":[{"ancestorTitles":["AuditActionBadge"],"fullName":"AuditActionBadge renders accessible labels for every KB audit action option","status":"passed","title":"renders accessible labels for every KB audit action option","duration":119.16610000000037,"failureMessages":[],"meta":{},"tags":[]},{"ancestorTitles":["AuditActionBadge"],"fullName":"AuditActionBadge uses audit-specific tone classes for sensitive action categories","status":"passed","title":"uses audit-specific tone classes for sensitive action categories","duration":37.77359999999953,"failureMessages":[],"meta":{},"tags":[]}],"startTime":1783869646320,"endTime":1783869646476.7737,"status":"passed","message":"","name":"D:/Documents/IU/AgileApp/frontend/src/components/AuditActionBadge.test.tsx"},{"assertionResults":[{"ancestorTitles":["CampaignStatusBadge"],"fullName":"CampaignStatusBadge renders a label for every KB campaign status","status":"passed","title":"renders a label for every KB campaign status","duration":92.3107,"failureMessages":[],"meta":{},"tags":[]},{"ancestorTitles":["CampaignStatusBadge"],"fullName":"CampaignStatusBadge uses campaign-specific status badge tone classes","status":"passed","title":"uses campaign-specific status badge tone classes","duration":38.360499999999774,"failureMessages":[],"meta":{},"tags":[]}],"startTime":1783869650684,"endTime":1783869650814.3606,"status":"passed","message":"","name":"D:/Documents/IU/AgileApp/frontend/src/components/CampaignStatusBadge.test.tsx"},{"assertionResults":[{"ancestorTitles":["ConfirmationDialog"],"fullName":"ConfirmationDialog requires an explicit confirm action for sensitive operations","status":"passed","title":"requires an explicit confirm action for sensitive operations","duration":463.5661,"failureMessages":[],"meta":{},"tags":[]},{"ancestorTitles":["ConfirmationDialog"],"fullName":"ConfirmationDialog supports keyboard cancellation and keeps focus inside the dialog","status":"passed","title":"supports keyboard cancellation and keeps focus inside the dialog","duration":187.14950000000135,"failureMessages":[],"meta":{},"tags":[]}],"startTime":1783869622294,"endTime":1783869622945.1494,"status":"passed","message":"","name":"D:/Documents/IU/AgileApp/frontend/src/components/ConfirmationDialog.test.tsx"},{"assertionResults":[{"ancestorTitles":["ConsentStatusBadge"],"fullName":"ConsentStatusBadge renders accessible labels for every KB consent status","status":"passed","title":"renders accessible labels for every KB consent status","duration":80.17639999999938,"failureMessages":[],"meta":{},"tags":[]},{"ancestorTitles":["ConsentStatusBadge"],"fullName":"ConsentStatusBadge uses consent-specific status badge tone classes","status":"passed","title":"uses consent-specific status badge tone classes","duration":31.3721000000005,"failureMessages":[],"meta":{},"tags":[]}],"startTime":1783869655245,"endTime":1783869655357.372,"status":"passed","message":"","name":"D:/Documents/IU/AgileApp/frontend/src/components/ConsentStatusBadge.test.tsx"},{"assertionResults":[{"ancestorTitles":["CustomerStatusBadge"],"fullName":"CustomerStatusBadge renders accessible labels for every KB customer status","status":"passed","title":"renders accessible labels for every KB customer status","duration":68.5539000000008,"failureMessages":[],"meta":{},"tags":[]},{"ancestorTitles":["CustomerStatusBadge"],"fullName":"CustomerStatusBadge uses customer-specific status badge tone classes","status":"passed","title":"uses customer-specific status badge tone classes","duration":32.11409999999978,"failureMessages":[],"meta":{},"tags":[]}],"startTime":1783869651421,"endTime":1783869651522.114,"status":"passed","message":"","name":"D:/Documents/IU/AgileApp/frontend/src/components/CustomerStatusBadge.test.tsx"},{"assertionResults":[{"ancestorTitles":["EmptyState"],"fullName":"EmptyState renders accessible empty-state copy and optional action","status":"passed","title":"renders accessible empty-state copy and optional action","duration":304.4836000000005,"failureMessages":[],"meta":{},"tags":[]},{"ancestorTitles":["EmptyState"],"fullName":"EmptyState supports compact empty states for constrained surfaces","status":"passed","title":"supports compact empty states for constrained surfaces","duration":13.78819999999996,"failureMessages":[],"meta":{},"tags":[]}],"startTime":1783869634407,"endTime":1783869634725.788,"status":"passed","message":"","name":"D:/Documents/IU/AgileApp/frontend/src/components/EmptyState.test.tsx"},{"assertionResults":[{"ancestorTitles":["ErrorState"],"fullName":"ErrorState renders accessible error copy and optional recovery action","status":"passed","title":"renders accessible error copy and optional recovery action","duration":441.77909999999974,"failureMessages":[],"meta":{},"tags":[]},{"ancestorTitles":["ErrorState"],"fullName":"ErrorState supports compact error states for shell and inline surfaces","status":"passed","title":"supports compact error states for shell and inline surfaces","duration":32.53510000000006,"failureMessages":[],"meta":{},"tags":[]}],"startTime":1783869627834,"endTime":1783869628308.5352,"status":"passed","message":"","name":"D:/Documents/IU/AgileApp/frontend/src/components/ErrorState.test.tsx"},{"assertionResults":[{"ancestorTitles":["ExclusionReasonSummaryPanel"],"fullName":"ExclusionReasonSummaryPanel shows an empty state when nothing was excluded","status":"passed","title":"shows an empty state when nothing was excluded","duration":365.08929999999964,"failureMessages":[],"meta":{},"tags":[]},{"ancestorTitles":["ExclusionReasonSummaryPanel"],"fullName":"ExclusionReasonSummaryPanel shows a compact empty state when requested","status":"passed","title":"shows a compact empty state when requested","duration":11.372999999999593,"failureMessages":[],"meta":{},"tags":[]},{"ancestorTitles":["ExclusionReasonSummaryPanel"],"fullName":"ExclusionReasonSummaryPanel shows a fallback when exclusions exist without reason rows","status":"passed","title":"shows a fallback when exclusions exist without reason rows","duration":42.89080000000013,"failureMessages":[],"meta":{},"tags":[]},{"ancestorTitles":["ExclusionReasonSummaryPanel"],"fullName":"ExclusionReasonSummaryPanel renders reason cards with counts, share meters, and a detail table","status":"passed","title":"renders reason cards with counts, share meters, and a detail table","duration":216.29539999999997,"failureMessages":[],"meta":{},"tags":[]},{"ancestorTitles":["ExclusionReasonSummaryPanel"],"fullName":"ExclusionReasonSummaryPanel orders cards by descending exclusion count","status":"passed","title":"orders cards by descending exclusion count","duration":31.71689999999944,"failureMessages":[],"meta":{},"tags":[]}],"startTime":1783869627674,"endTime":1783869628341.7168,"status":"passed","message":"","name":"D:/Documents/IU/AgileApp/frontend/src/components/ExclusionReasonSummaryPanel.test.tsx"},{"assertionResults":[{"ancestorTitles":["FormValidationMessage"],"fullName":"FormValidationMessage renders field-level validation copy with a stable id","status":"passed","title":"renders field-level validation copy with a stable id","duration":80.58439999999973,"failureMessages":[],"meta":{},"tags":[]},{"ancestorTitles":["FormValidationMessage"],"fullName":"FormValidationMessage renders nothing when no validation message is present","status":"passed","title":"renders nothing when no validation message is present","duration":3.433899999999994,"failureMessages":[],"meta":{},"tags":[]}],"startTime":1783869656757,"endTime":1783869656840.4338,"status":"passed","message":"","name":"D:/Documents/IU/AgileApp/frontend/src/components/FormValidationMessage.test.tsx"},{"assertionResults":[{"ancestorTitles":["frontend component inventory (item 595)"],"fullName":"frontend component inventory (item 595) covers status and domain badges used across workflow screens","status":"passed","title":"covers status and domain badges used across workflow screens","duration":88.84979999999996,"failureMessages":[],"meta":{},"tags":[]},{"ancestorTitles":["frontend component inventory (item 595)"],"fullName":"frontend component inventory (item 595) covers feedback and form messaging components","status":"passed","title":"covers feedback and form messaging components","duration":236.99149999999827,"failureMessages":[],"meta":{},"tags":[]},{"ancestorTitles":["frontend component inventory (item 595)"],"fullName":"frontend component inventory (item 595) covers metric cards, AI explanation, confirmation dialog, and exclusion summary","status":"passed","title":"covers metric cards, AI explanation, confirmation dialog, and exclusion summary","duration":119.54709999999977,"failureMessages":[],"meta":{},"tags":[]},{"ancestorTitles":["frontend component inventory (item 595)"],"fullName":"frontend component inventory (item 595) covers shared analytics chart shells for bar, pie, and line visualizations","status":"passed","title":"covers shared analytics chart shells for bar, pie, and line visualizations","duration":36.79809999999998,"failureMessages":[],"meta":{},"tags":[]}],"startTime":1783869640440,"endTime":1783869640922.798,"status":"passed","message":"","name":"D:/Documents/IU/AgileApp/frontend/src/components/frontendComponentInventory.test.tsx"},{"assertionResults":[{"ancestorTitles":["MetricCard (item 591)"],"fullName":"MetricCard (item 591) renders label, value, and detail with an accessible name","status":"passed","title":"renders label, value, and detail with an accessible name","duration":272.8067999999994,"failureMessages":[],"meta":{},"tags":[]},{"ancestorTitles":["MetricCard (item 591)"],"fullName":"MetricCard (item 591) applies tone class for visual grouping","status":"passed","title":"applies tone class for visual grouping","duration":9.58389999999963,"failureMessages":[],"meta":{},"tags":[]}],"startTime":1783869645551,"endTime":1783869645833.584,"status":"passed","message":"","name":"D:/Documents/IU/AgileApp/frontend/src/components/MetricCard.test.tsx"},{"assertionResults":[{"ancestorTitles":["ProductSearchFiltersPanel"],"fullName":"ProductSearchFiltersPanel renders KB product search fields and reports active filter count","status":"passed","title":"renders KB product search fields and reports active filter count","duration":342.6759999999995,"failureMessages":[],"meta":{},"tags":[]},{"ancestorTitles":["ProductSearchFiltersPanel"],"fullName":"ProductSearchFiltersPanel calls apply and reset handlers from the filter toolbar","status":"passed","title":"calls apply and reset handlers from the filter toolbar","duration":272.8150000000023,"failureMessages":[],"meta":{},"tags":[]},{"ancestorTitles":["ProductSearchFiltersPanel"],"fullName":"ProductSearchFiltersPanel updates draft filters when search fields change","status":"passed","title":"updates draft filters when search fields change","duration":258.45039999999426,"failureMessages":[],"meta":{},"tags":[]},{"ancestorTitles":["ProductSearchFiltersPanel"],"fullName":"ProductSearchFiltersPanel shows no active filters and surfaces notice or error messages","status":"passed","title":"shows no active filters and surfaces notice or error messages","duration":27.699100000005274,"failureMessages":[],"meta":{},"tags":[]},{"ancestorTitles":["ProductSearchFiltersPanel"],"fullName":"ProductSearchFiltersPanel removes an applied filter chip when selected","status":"passed","title":"removes an applied filter chip when selected","duration":82.82910000000265,"failureMessages":[],"meta":{},"tags":[]}],"startTime":1783869607464,"endTime":1783869608448.829,"status":"passed","message":"","name":"D:/Documents/IU/AgileApp/frontend/src/components/ProductSearchFilters.test.tsx"},{"assertionResults":[{"ancestorTitles":["ReminderLevelBadge"],"fullName":"ReminderLevelBadge renders a label for every KB reminder level","status":"passed","title":"renders a label for every KB reminder level","duration":60.961599999999635,"failureMessages":[],"meta":{},"tags":[]},{"ancestorTitles":["ReminderLevelBadge"],"fullName":"ReminderLevelBadge uses dedicated traffic-light badge classes for reminder levels","status":"passed","title":"uses dedicated traffic-light badge classes for reminder levels","duration":40.19060000000081,"failureMessages":[],"meta":{},"tags":[]}],"startTime":1783869649947,"endTime":1783869650048.1907,"status":"passed","message":"","name":"D:/Documents/IU/AgileApp/frontend/src/components/ReminderLevelBadge.test.tsx"},{"assertionResults":[{"ancestorTitles":["ReportDownloadPanel (item 445)"],"fullName":"ReportDownloadPanel (item 445) renders campaign download controls and last download summary","status":"passed","title":"renders campaign download controls and last download summary","duration":576.8685999999998,"failureMessages":[],"meta":{},"tags":[]},{"ancestorTitles":["ReportDownloadPanel (item 445)"],"fullName":"ReportDownloadPanel (item 445) disables download actions when no campaign is selected","status":"passed","title":"disables download actions when no campaign is selected","duration":22.4312000000009,"failureMessages":[],"meta":{},"tags":[]},{"ancestorTitles":["ReportDownloadPanel (item 445)"],"fullName":"ReportDownloadPanel (item 445) shows pending labels while downloading","status":"passed","title":"shows pending labels while downloading","duration":16.90600000000086,"failureMessages":[],"meta":{},"tags":[]},{"ancestorTitles":["CampaignReportDownloadActions (item 445)"],"fullName":"CampaignReportDownloadActions (item 445) renders compact CSV and PDF download buttons for a campaign","status":"passed","title":"renders compact CSV and PDF download buttons for a campaign","duration":110.92300000000068,"failureMessages":[],"meta":{},"tags":[]}],"startTime":1783869622200,"endTime":1783869622927.923,"status":"passed","message":"","name":"D:/Documents/IU/AgileApp/frontend/src/components/ReportDownloadPanel.test.tsx"},{"assertionResults":[{"ancestorTitles":["SegmentCriteriaBuilder"],"fullName":"SegmentCriteriaBuilder renders empty state and adds a criterion row","status":"passed","title":"renders empty state and adds a criterion row","duration":432.90359999999964,"failureMessages":[],"meta":{},"tags":[]},{"ancestorTitles":["SegmentCriteriaBuilder"],"fullName":"SegmentCriteriaBuilder edits field, operator, value, group, and join for existing rows","status":"passed","title":"edits field, operator, value, group, and join for existing rows","duration":522.1283000000003,"failureMessages":[],"meta":{},"tags":[]},{"ancestorTitles":["SegmentCriteriaBuilder"],"fullName":"SegmentCriteriaBuilder removes and reorders criteria rows","status":"passed","title":"removes and reorders criteria rows","duration":248.53729999999996,"failureMessages":[],"meta":{},"tags":[]},{"ancestorTitles":["SegmentCriteriaBuilder"],"fullName":"SegmentCriteriaBuilder shows a criteria summary list","status":"passed","title":"shows a criteria summary list","duration":41.57600000000002,"failureMessages":[],"meta":{},"tags":[]},{"ancestorTitles":["SegmentCriteriaBuilder"],"fullName":"SegmentCriteriaBuilder disables interactive controls when disabled","status":"passed","title":"disables interactive controls when disabled","duration":46.714200000000346,"failureMessages":[],"meta":{},"tags":[]}],"startTime":1783869549890,"endTime":1783869551181.714,"status":"passed","message":"","name":"D:/Documents/IU/AgileApp/frontend/src/components/SegmentCriteriaBuilder.test.tsx"},{"assertionResults":[{"ancestorTitles":["SegmentInsightPanel"],"fullName":"SegmentInsightPanel renders read-only BI Analyst insight framing and catalog metrics","status":"passed","title":"renders read-only BI Analyst insight framing and catalog metrics","duration":500.2394999999997,"failureMessages":[],"meta":{},"tags":[]},{"ancestorTitles":["SegmentInsightPanel"],"fullName":"SegmentInsightPanel shows selected segment structure and insight notes","status":"passed","title":"shows selected segment structure and insight notes","duration":72.98460000000341,"failureMessages":[],"meta":{},"tags":[]},{"ancestorTitles":["SegmentInsightPanel"],"fullName":"SegmentInsightPanel invokes analyze callback for eligibility preview","status":"passed","title":"invokes analyze callback for eligibility preview","duration":178.988400000002,"failureMessages":[],"meta":{},"tags":[]},{"ancestorTitles":["SegmentInsightPanel"],"fullName":"SegmentInsightPanel shows latest eligibility snapshot when preview data is present","status":"passed","title":"shows latest eligibility snapshot when preview data is present","duration":30.4716000000044,"failureMessages":[],"meta":{},"tags":[]},{"ancestorTitles":["SegmentInsightPanel"],"fullName":"SegmentInsightPanel shows empty selected state when no segment is chosen","status":"passed","title":"shows empty selected state when no segment is chosen","duration":30.55510000000504,"failureMessages":[],"meta":{},"tags":[]},{"ancestorTitles":["SegmentInsightPanel"],"fullName":"SegmentInsightPanel shows loading copy while catalog loads","status":"passed","title":"shows loading copy while catalog loads","duration":3.5034000000014203,"failureMessages":[],"meta":{},"tags":[]}],"startTime":1783869607486,"endTime":1783869608302.5034,"status":"passed","message":"","name":"D:/Documents/IU/AgileApp/frontend/src/components/SegmentInsightPanel.test.tsx"},{"assertionResults":[{"ancestorTitles":["SegmentPreviewResults"],"fullName":"SegmentPreviewResults shows empty state when no preview is available","status":"passed","title":"shows empty state when no preview is available","duration":296.3642000000036,"failureMessages":[],"meta":{},"tags":[]},{"ancestorTitles":["SegmentPreviewResults"],"fullName":"SegmentPreviewResults shows loading state while preview runs","status":"passed","title":"shows loading state while preview runs","duration":27.450799999998708,"failureMessages":[],"meta":{},"tags":[]},{"ancestorTitles":["SegmentPreviewResults"],"fullName":"SegmentPreviewResults shows an error message when preview fails","status":"passed","title":"shows an error message when preview fails","duration":21.176299999999173,"failureMessages":[],"meta":{},"tags":[]},{"ancestorTitles":["SegmentPreviewResults"],"fullName":"SegmentPreviewResults labels total as pre-eligibility and eligible as contactable (item 208)","status":"passed","title":"labels total as pre-eligibility and eligible as contactable (item 208)","duration":64.4626000000062,"failureMessages":[],"meta":{},"tags":[]},{"ancestorTitles":["SegmentPreviewResults"],"fullName":"SegmentPreviewResults renders audience metrics, eligible customers, and exclusion reasons","status":"passed","title":"renders audience metrics, eligible customers, and exclusion reasons","duration":117.63549999999668,"failureMessages":[],"meta":{},"tags":[]},{"ancestorTitles":["SegmentPreviewResults"],"fullName":"SegmentPreviewResults renders eligible and excluded counts that sum to total audience (KB item 199)","status":"passed","title":"renders eligible and excluded counts that sum to total audience (KB item 199)","duration":27.071600000002945,"failureMessages":[],"meta":{},"tags":[]},{"ancestorTitles":["SegmentPreviewResults"],"fullName":"SegmentPreviewResults shows eligibility-gated metrics where total can exceed eligible (KB item 198)","status":"passed","title":"shows eligibility-gated metrics where total can exceed eligible (KB item 198)","duration":37.6362999999983,"failureMessages":[],"meta":{},"tags":[]},{"ancestorTitles":["SegmentPreviewResults"],"fullName":"SegmentPreviewResults explains when criteria match but all customers are excluded","status":"passed","title":"explains when criteria match but all customers are excluded","duration":13.91700000000128,"failureMessages":[],"meta":{},"tags":[]},{"ancestorTitles":["SegmentPreviewResults"],"fullName":"SegmentPreviewResults explains when no customers match criteria","status":"passed","title":"explains when no customers match criteria","duration":12.138399999996182,"failureMessages":[],"meta":{},"tags":[]}],"startTime":1783869606230,"endTime":1783869606848.1384,"status":"passed","message":"","name":"D:/Documents/IU/AgileApp/frontend/src/components/SegmentPreviewResults.test.tsx"},{"assertionResults":[{"ancestorTitles":["StatusBadge (item 595)"],"fullName":"StatusBadge (item 595) renders the provided status value","status":"passed","title":"renders the provided status value","duration":73.81600000000071,"failureMessages":[],"meta":{},"tags":[]},{"ancestorTitles":["StatusBadge (item 595)"],"fullName":"StatusBadge (item 595) maps multi-word values to lowercase hyphenated tone classes","status":"passed","title":"maps multi-word values to lowercase hyphenated tone classes","duration":7.736700000000383,"failureMessages":[],"meta":{},"tags":[]},{"ancestorTitles":["StatusBadge (item 595)"],"fullName":"StatusBadge (item 595) supports single-token lifecycle-style values used in recipient tables","status":"passed","title":"supports single-token lifecycle-style values used in recipient tables","duration":26.819499999999607,"failureMessages":[],"meta":{},"tags":[]}],"startTime":1783869662589,"endTime":1783869662697.8196,"status":"passed","message":"","name":"D:/Documents/IU/AgileApp/frontend/src/components/StatusBadge.test.tsx"},{"assertionResults":[{"ancestorTitles":["SuccessNotification"],"fullName":"SuccessNotification announces successful operations with optional follow-up actions","status":"passed","title":"announces successful operations with optional follow-up actions","duration":267.3270999999995,"failureMessages":[],"meta":{},"tags":[]},{"ancestorTitles":["SuccessNotification"],"fullName":"SuccessNotification supports compact success notifications for toolbar surfaces","status":"passed","title":"supports compact success notifications for toolbar surfaces","duration":13.998099999999795,"failureMessages":[],"meta":{},"tags":[]}],"startTime":1783869640600,"endTime":1783869640880.998,"status":"passed","message":"","name":"D:/Documents/IU/AgileApp/frontend/src/components/SuccessNotification.test.tsx"},{"assertionResults":[{"ancestorTitles":["AnalyticsPage (item 441)"],"fullName":"AnalyticsPage (item 441) loads engagement KPIs, product performance, and campaign analytics for BI analysts","status":"passed","title":"loads engagement KPIs, product performance, and campaign analytics for BI analysts","duration":1099.4620000000004,"failureMessages":[],"meta":{},"tags":[]},{"ancestorTitles":["AnalyticsPage (item 441)"],"fullName":"AnalyticsPage (item 441) allows campaign managers and executive viewers to load analytics","status":"passed","title":"allows campaign managers and executive viewers to load analytics","duration":73.33050000000003,"failureMessages":[],"meta":{},"tags":[]},{"ancestorTitles":["AnalyticsPage (item 441)"],"fullName":"AnalyticsPage (item 441) denies analytics for unauthorized roles without calling analytics APIs","status":"passed","title":"denies analytics for unauthorized roles without calling analytics APIs","duration":10.019000000000233,"failureMessages":[],"meta":{},"tags":[]},{"ancestorTitles":["AnalyticsPage (item 441)"],"fullName":"AnalyticsPage (item 441) shows empty product and rate messaging when no comparison data exists","status":"passed","title":"shows empty product and rate messaging when no comparison data exists","duration":55.1269999999995,"failureMessages":[],"meta":{},"tags":[]},{"ancestorTitles":["AnalyticsPage (item 441)"],"fullName":"AnalyticsPage (item 441) renders Recharts rate, mix, product, and financial visualizations (item 444)","status":"passed","title":"renders Recharts rate, mix, product, and financial visualizations (item 444)","duration":65.45110000000022,"failureMessages":[],"meta":{},"tags":[]},{"ancestorTitles":["AnalyticsPage (item 441)"],"fullName":"AnalyticsPage (item 441) loads another campaign when the analytics campaign selector changes","status":"passed","title":"loads another campaign when the analytics campaign selector changes","duration":309.09379999999874,"failureMessages":[],"meta":{},"tags":[]},{"ancestorTitles":["AnalyticsPage (item 441)"],"fullName":"AnalyticsPage (item 441) surfaces API authorization errors from analytics endpoints","status":"passed","title":"surfaces API authorization errors from analytics endpoints","duration":57.65890000000036,"failureMessages":[],"meta":{},"tags":[]},{"ancestorTitles":["AnalyticsPage (item 441)"],"fullName":"AnalyticsPage (item 441) uses recent metrics for campaign options when campaigns list is unavailable","status":"passed","title":"uses recent metrics for campaign options when campaigns list is unavailable","duration":150.79650000000038,"failureMessages":[],"meta":{},"tags":[]}],"startTime":1783869532923,"endTime":1783869534744.7964,"status":"passed","message":"","name":"D:/Documents/IU/AgileApp/frontend/src/pages/AnalyticsPage.test.tsx"},{"assertionResults":[{"ancestorTitles":["AuditPage (items 532–533)"],"fullName":"AuditPage (items 532–533) blocks unauthorized roles from viewing the Audit Log screen","status":"passed","title":"blocks unauthorized roles from viewing the Audit Log screen","duration":129.17479999999978,"failureMessages":[],"meta":{},"tags":[]},{"ancestorTitles":["AuditPage (items 532–533)"],"fullName":"AuditPage (items 532–533) renders the Audit Log screen with sensitive action rows and detail panel","status":"passed","title":"renders the Audit Log screen with sensitive action rows and detail panel","duration":818.1718000000001,"failureMessages":[],"meta":{},"tags":[]},{"ancestorTitles":["AuditPage (items 532–533)"],"fullName":"AuditPage (items 532–533) selects another row and loads entity history for that entity","status":"passed","title":"selects another row and loads entity history for that entity","duration":317.29010000000017,"failureMessages":[],"meta":{},"tags":[]},{"ancestorTitles":["AuditPage (items 532–533)"],"fullName":"AuditPage (items 532–533) shows empty state when no audit events exist","status":"passed","title":"shows empty state when no audit events exist","duration":101.09139999999934,"failureMessages":[],"meta":{},"tags":[]},{"ancestorTitles":["AuditPage (items 532–533)"],"fullName":"AuditPage (items 532–533) shows API authorization failure message when the list endpoint forbids access","status":"passed","title":"shows API authorization failure message when the list endpoint forbids access","duration":84.43229999999949,"failureMessages":[],"meta":{},"tags":[]},{"ancestorTitles":["AuditPage (items 532–533)"],"fullName":"AuditPage (items 532–533) applies actor, action, entity, and date filters to the list request (item 533)","status":"passed","title":"applies actor, action, entity, and date filters to the list request (item 533)","duration":2304.0055,"failureMessages":[],"meta":{},"tags":[]},{"
[...]
er and admin links for BI analysts","status":"passed","title":"hides campaign builder and admin links for BI analysts","duration":256.0532000000003,"failureMessages":[],"meta":{},"tags":[]},{"ancestorTitles":["role-based menu hides unauthorized features (item 607)"],"fullName":"role-based menu hides unauthorized features (item 607) shows full administration menu only for admins","status":"passed","title":"shows full administration menu only for admins","duration":398.2399000000005,"failureMessages":[],"meta":{},"tags":[]},{"ancestorTitles":["role-based menu hides unauthorized features (item 607)"],"fullName":"role-based menu hides unauthorized features (item 607) shows compliance and audit without builder for compliance officers","status":"passed","title":"shows compliance and audit without builder for compliance officers","duration":72.61039999999957,"failureMessages":[],"meta":{},"tags":[]},{"ancestorTitles":["role-based menu hides unauthorized features (item 607)"],"fullName":"role-based menu hides unauthorized features (item 607) matches expected menu labels for CUSTOMER_SERVICE_AGENT","status":"passed","title":"matches expected menu labels for CUSTOMER_SERVICE_AGENT","duration":113.08140000000094,"failureMessages":[],"meta":{},"tags":[]},{"ancestorTitles":["role-based menu hides unauthorized features (item 607)"],"fullName":"role-based menu hides unauthorized features (item 607) matches expected menu labels for SALES_AGENT","status":"passed","title":"matches expected menu labels for SALES_AGENT","duration":98.11470000000008,"failureMessages":[],"meta":{},"tags":[]},{"ancestorTitles":["role-based menu hides unauthorized features (item 607)"],"fullName":"role-based menu hides unauthorized features (item 607) matches expected menu labels for MARKETING_ANALYST","status":"passed","title":"matches expected menu labels for MARKETING_ANALYST","duration":125.54809999999998,"failureMessages":[],"meta":{},"tags":[]},{"ancestorTitles":["role-based menu hides unauthorized features (item 607)"],"fullName":"role-based menu hides unauthorized features (item 607) matches expected menu labels for EXECUTIVE_VIEWER","status":"passed","title":"matches expected menu labels for EXECUTIVE_VIEWER","duration":138.8659000000007,"failureMessages":[],"meta":{},"tags":[]},{"ancestorTitles":["role-based menu hides unauthorized features (item 607)"],"fullName":"role-based menu hides unauthorized features (item 607) matches expected menu labels for SYSTEM_AUDITOR","status":"passed","title":"matches expected menu labels for SYSTEM_AUDITOR","duration":87.5739999999987,"failureMessages":[],"meta":{},"tags":[]},{"ancestorTitles":["role-based menu hides unauthorized features (item 607)"],"fullName":"role-based menu hides unauthorized features (item 607) unions menus for multi-role users without exposing admin links","status":"passed","title":"unions menus for multi-role users without exposing admin links","duration":106.9971999999998,"failureMessages":[],"meta":{},"tags":[]},{"ancestorTitles":["role-based menu hides unauthorized features (item 607)"],"fullName":"role-based menu hides unauthorized features (item 607) shows empty navigation when the user has no roles","status":"passed","title":"shows empty navigation when the user has no roles","duration":23.66530000000057,"failureMessages":[],"meta":{},"tags":[]}],"startTime":1783869552336,"endTime":1783869554651.6653,"status":"passed","message":"","name":"D:/Documents/IU/AgileApp/frontend/src/test/integration/roleBasedMenu.integration.test.tsx"},{"assertionResults":[{"ancestorTitles":["role-based navigation integration (item 596)"],"fullName":"role-based navigation integration (item 596) shows campaign manager menu items for campaign workflows","status":"passed","title":"shows campaign manager menu items for campaign workflows","duration":798.0045000000009,"failureMessages":[],"meta":{},"tags":[]},{"ancestorTitles":["role-based navigation integration (item 596)"],"fullName":"role-based navigation integration (item 596) shows compliance and audit navigation for compliance officers","status":"passed","title":"shows compliance and audit navigation for compliance officers","duration":232.88550000000032,"failureMessages":[],"meta":{},"tags":[]},{"ancestorTitles":["role-based navigation integration (item 596)"],"fullName":"role-based navigation integration (item 596) shows admin-only settings and users for admin role","status":"passed","title":"shows admin-only settings and users for admin role","duration":233.01440000000002,"failureMessages":[],"meta":{},"tags":[]},{"ancestorTitles":["role-based navigation integration (item 596)"],"fullName":"role-based navigation integration (item 596) allows BI analysts analytics routes but not user administration","status":"passed","title":"allows BI analysts analytics routes but not user administration","duration":157.179900000001,"failureMessages":[],"meta":{},"tags":[]},{"ancestorTitles":["role-based navigation integration (item 596)"],"fullName":"role-based navigation integration (item 596) opens the executive dashboard for executive viewers","status":"passed","title":"opens the executive dashboard for executive viewers","duration":138.5620999999992,"failureMessages":[],"meta":{},"tags":[]}],"startTime":1783869554088,"endTime":1783869555648.562,"status":"passed","message":"","name":"D:/Documents/IU/AgileApp/frontend/src/test/integration/roleNavigation.integration.test.tsx"},{"assertionResults":[{"ancestorTitles":["segment creation UI integration (item 602)"],"fullName":"segment creation UI integration (item 602) shows the create segment panel for campaign managers","status":"passed","title":"shows the create segment panel for campaign managers","duration":893.6224999999995,"failureMessages":[],"meta":{},"tags":[]},{"ancestorTitles":["segment creation UI integration (item 602)"],"fullName":"segment creation UI integration (item 602) hides create controls for BI analysts","status":"passed","title":"hides create controls for BI analysts","duration":347.3101999999999,"failureMessages":[],"meta":{},"tags":[]},{"ancestorTitles":["segment creation UI integration (item 602)"],"fullName":"segment creation UI integration (item 602) creates a segment through the UI and shows success plus list row","status":"failed","title":"creates a segment through the UI and shows success plus list row","duration":4581.4259999999995,"failureMessages":["Error: Found multiple elements with the text: UI Created Eligible Audience\n\nHere are the matching elements:\n\nIgnored nodes: comments, script, style\n\u001b[36m<span\u001b[39m\n  \u001b[33mclass\u001b[39m=\u001b[32m\"table-primary-text\"\u001b[39m\n\u001b[36m>\u001b[39m\n  \u001b[0mUI Created Eligible Audience\u001b[0m\n\u001b[36m</span>\u001b[39m\n\nIgnored nodes: comments, script, style\n\u001b[36m<dd>\u001b[39m\n  \u001b[0mUI Created Eligible Audience\u001b[0m\n\u001b[36m</dd>\u001b[39m\n\n(If this is intentional, then use the `*AllBy*` variant of the query (like `queryAllByText`, `getAllByText`, or `findAllByText`)).\n\nIgnored nodes: comments, script, style\n\u001b[36m<body>\u001b[39m\n  \u001b[36m<div>\u001b[39m\n    \u001b[36m<div\u001b[39m\n      \u001b[33mclass\u001b[39m=\u001b[32m\"app-shell\"\u001b[39m\n    \u001b[36m>\u001b[39m\n      \u001b[36m<a\u001b[39m\n        \u001b[33mclass\u001b[39m=\u001b[32m\"skip-link\"\u001b[39m\n        \u001b[33mhref\u001b[39m=\u001b[32m\"#main-content\"\u001b[39m\n      \u001b[36m>\u001b[39m\n        \u001b[0mSkip to content\u001b[0m\n      \u001b[36m</a>\u001b[39m\n      \u001b[36m<aside\u001b[39m\n        \u001b[33mclass\u001b[39m=\u001b[32m\"sidebar\"\u001b[39m\n      \u001b[36m>\u001b[39m\n        \u001b[36m<div\u001b[39m\n          \u001b[33mclass\u001b[39m=\u001b[32m\"brand-block\"\u001b[39m\n        \u001b[36m>\u001b[39m\n          \u001b[36m<span\u001b[39m\n            \u001b[33mclass\u001b[39m=\u001b[32m\"brand-mark\"\u001b[39m\n          \u001b[36m>\u001b[39m\n            \u001b[0mBW\u001b[0m\n          \u001b[36m</span>\u001b[39m\n          \u001b[36m<div>\u001b[39m\n            \u001b[36m<strong>\u001b[39m\n              \u001b[0mBayer-Westphalian\u001b[0m\n            \u001b[36m</strong>\u001b[39m\n            \u001b[36m<span>\u001b[39m\n              \u001b[0mCampaign Management\u001b[0m\n            \u001b[36m</span>\u001b[39m\n          \u001b[36m</div>\u001b[39m\n        \u001b[36m</div>\u001b[39m\n        \u001b[36m<nav\u001b[39m\n          \u001b[33maria-label\u001b[39m=\u001b[32m\"Main navigation\"\u001b[39m\n          \u001b[33mclass\u001b[39m=\u001b[32m\"sidebar-nav\"\u001b[39m\n        \u001b[36m>\u001b[39m\n          \u001b[36m<section\u001b[39m\n            \u001b[33maria-labelledby\u001b[39m=\u001b[32m\"nav-section-workspace\"\u001b[39m\n            \u001b[33mclass\u001b[39m=\u001b[32m\"nav-section\"\u001b[39m\n          \u001b[36m>\u001b[39m\n            \u001b[36m<h2\u001b[39m\n              \u001b[33mclass\u001b[39m=\u001b[32m\"nav-section-title\"\u001b[39m\n              \u001b[33mid\u001b[39m=\u001b[32m\"nav-section-workspace\"\u001b[39m\n            \u001b[36m>\u001b[39m\n              \u001b[0mWorkspace\u001b[0m\n            \u001b[36m</h2>\u001b[39m\n            \u001b[36m<div\u001b[39m\n              \u001b[33mclass\u001b[39m=\u001b[32m\"nav-list\"\u001b[39m\n            \u001b[36m>\u001b[39m\n              \u001b[36m<a\u001b[39m\n                \u001b[33mclass\u001b[39m=\u001b[32m\"nav-link\"\u001b[39m\n                \u001b[33mdata-discover\u001b[39m=\u001b[32m\"true\"\u001b[39m\n                \u001b[33mhref\u001b[39m=\u001b[32m\"/dashboard\"\u001b[39m\n              \u001b[36m>\u001b[39m\n                \u001b[0mDashboard\u001b[0m\n              \u001b[36m</a>\u001b[39m\n              \u001b[36m<a\u001b[39m\n                \u001b[33mclass\u001b[39m=\u001b[32m\"nav-link\"\u001b[39m\n                \u001b[33mdata-discover\u001b[39m=\u001b[32m\"true\"\u001b[39m\n                \u001b[33mhref\u001b[39m=\u001b[32m\"/customers\"\u001b[39m\n              \u001b[36m>\u001b[39m\n                \u001b[0mCustomers\u001b[0m\n              \u001b[36m</a>\u001b[39m\n              \u001b[36m<a\u001b[39m\n                \u001b[33mclass\u001b[39m=\u001b[32m\"nav-link\"\u001b[39m\n                \u001b[33mdata-discover\u001b[39m=\u001b[32m\"true\"\u001b[39m\n                \u001b[33mhref\u001b[39m=\u001b[32m\"/products\"\u001b[39m\n              \u001b[36m>\u001b[39m\n                \u001b[0mProducts\u001b[0m\n              \u001b[36m</a>\u001b[39m\n              \u001b[36m<a\u001b[39m\n                \u001b[33mclass\u001b[39m=\u001b[32m\"nav-link\"\u001b[39m\n                \u001b[33mdata-discover\u001b[39m=\u001b[32m\"true\"\u001b[39m\n                \u001b[33mhref\u001b[39m=\u001b[32m\"/product-change-requests\"\u001b[39m\n              \u001b[36m>\u001b[39m\n                \u001b[0mChange requests\u001b[0m\n              \u001b[36m</a>\u001b[39m\n              \u001b[36m<a\u001b[39m\n                \u001b[33maria-current\u001b[39m=\u001b[32m\"page\"\u001b[39m\n                \u001b[33mclass\u001b[39m=\u001b[32m\"nav-link active\"\u001b[39m\n                \u001b[33mdata-discover\u001b[39m=\u001b[32m\"true\"\u001b[39m\n                \u001b[33mhref\u001b[39m=\u001b[32m\"/segments\"\u001b[39m\n              \u001b[36m>\u001b[39m\n                \u001b[0mSegments\u001b[0m\n              \u001b[36m</a>\u001b[39m\n            \u001b[36m</div>\u001b[39m\n          \u001b[36m</section>\u001b[39m\n          \u001b[36m<section\u001b[39m\n            \u001b[33maria-labelledby\u001b[39m=\u001b[32m\"nav-section-campaign-operations\"\u001b[39m\n            \u001b[33mclass\u001b[39m=\u001b[32m\"nav-section\"\u001b[39m\n          \u001b[36m>\u001b[39m\n            \u001b[36m<h2\u001b[39m\n              \u001b[33mclass\u001b[39m=\u001b[32m\"nav-section-title\"\u001b[39m\n              \u001b[33mid\u001b[39m=\u001b[32m\"nav-section-campaign-operations\"\u001b[39m\n            \u001b[36m>\u001b[39m\n              \u001b[0mCampaign Operations\u001b[0m\n            \u001b[36m</h2>\u001b[39m\n            \u001b[36m<div\u001b[39m\n              \u001b[33mclass\u001b[39m=\u001b[32m\"nav-list\"\u001b[39m\n            \u001b[36m>\u001b[39m\n              \u001b[36m<a\u001b[39m\n                \u001b[33mclass\u001b[39m=\u001b[32m\"nav-link\"\u001b[39m\n                \u001b[33mdata-discover\u001b[39m=\u001b[32m\"true\"\u001b[39m\n                \u001b[33mhref\u001b[39m=\u001b[32m\"/campaigns\"\u001b[39m\n              \u001b[36m>\u001b[39m\n                \u001b[0mCampaigns\u001b[0m\n              \u001b[36m</a>\u001b[39m\n              \u001b[36m<a\u001b[39m\n                \u001b[33mclass\u001b[39m=\u001b[32m\"nav-link\"\u001b[39m\n                \u001b[33mdata-discover\u001b[39m=\u001b[32m\"true\"\u001b[39m\n                \u001b[33mhref\u001b[39m=\u001b[32m\"/campaign-builder\"\u001b[39m\n              \u001b[36m>\u001b[39m\n                \u001b[0mBuilder\u001b[0m\n              \u001b[36m</a>\u001b[39m\n              \u001b[36m<a\u001b[39m\n                \u001b[33mclass\u001b[39m=\u001b[32m\"nav-link\"\u001b[39m\n                \u001b[33mdata-discover\u001b[39m=\u001b[32m\"true\"\u001b[39m\n                \u001b[33mhref\u001b[39m=\u001b[32m\"/compliance\"\u001b[39m\n              \u001b[36m>\u001b[39m\n                \u001b[0mCompliance\u001b[0m\n              \u001b[36m</a>\u001b[39m\n              \u001b[36m<a\u001b[39m\n                \u001b[33mclass\u001b[39m=\u001b[32m\"nav-link\"\u001b[39m\n                \u001b[33mdata-discover\u001b[39m=\u001b[32m\"true\"\u001b[39m\n                \u001b[33mhref\u001b[39m=\u001b[32m\"/contact-history\"\u001b[39m\n              \u001b[36m>\u001b[39m\n                \u001b[0mContact history\u001b[0m\n              \u001b[36m</a>\u001b[39m\n              \u001b[36m<a\u001b[39m\n                \u001b[33mclass\u001b[39m=\u001b[32m\"nav-link\"\u001b[39m\n                \u001b[33mdata-discover\u001b[39m=\u001b[32m\"true\"\u001b[39m\n                \u001b[33mhref\u001b[39m=\u001b[32m\"/follow-up-tasks\"\u001b[39m\n              \u001b[36m>\u001b[39m\n                \u001b[0mFollow-ups\u001b[0m\n              \u001b[36m</a>\u001b[39m\n              \u001b[36m<a\u001b[39m\n                \u001b[33mclass\u001b[39m=\u001b[32m\"nav-link\"\u001b[39m\n                \u001b[33mdata-discover\u001b[39m=\u001b[32m\"true\"\u001b[39m\n                \u001b[33mhref\u001b[39m=\u001b[32m\"/reminders\"\u001b[39m\n              \u001b[36m>\u001b[39m\n                \u001b[0mReminders\u001b[0m\n              \u001b[36m</a>\u001b[39m\n            \u001b[36m</div>\u001b[39m\n          \u001b[36m</section>\u001b[39m\n          \u001b[36m<section\u001b[39m\n            \u001b[33maria-labelledby\u001b[39m=\u001b[32m\"nav-section-insights\"\u001b[39m\n            \u001b[33mclass\u001b[39m=\u001b[32m\"nav-section\"\u001b[39m\n          \u001b[36m>\u001b[39m\n            \u001b[36m<h2\u001b[39m\n              \u001b[33mclass\u001b[39m=\u001b[32m\"nav-section-title\"\u001b[39m\n              \u001b[33mid\u001b[39m=\u001b[32m\"nav-section-insights\"\u001b[39m\n            \u001b[36m>\u001b[39m\n              \u001b[0mInsights\u001b[0m\n            \u001b[36m</h2>\u001b[39m\n            \u001b[36m<div\u001b[39m\n              \u001b[33mclass\u001b[39m=\u001b[32m\"nav-list\"\u001b[39m\n            \u001b[36m>\u001b[39m\n              \u001b[36m<a\u001b[39m\n                \u001b[33mclass\u001b[39m=\u001b[32m\"nav-link\"\u001b[39m\n                \u001b[33mdata-discover\u001b[39m=\u001b[32m\"true\"\u001b[39m\n                \u001b[33mhref\u001b[39m=\u001b[32m\"/analytics\"\u001b[39m\n              \u001b[36m>\u001b[39m\n                \u001b[0mAnalytics\u001b[0m\n              \u001b[36m</a>\u001b[39m\n              \u001b[36m<a\u001b[39m\n                \u001b[33mclass\u001b[39m=\u001b[32m\"nav-link\"\u001b[39m\n                \u001b[33mdata-discover\u001b[39m=\u001b[32m\"true\"\u001b[39m\n                \u001b[33mhref\u001b[39m=\u001b[32m\"/executive\"\u001b[39m\n              \u001b[36m>\u001b[39m\n                \u001b[0mExecutive\u001b[0m\n              \u001b[36m</a>\u001b[39m\n              \u001b[36m<a\u001b[39m\n                \u001b[33mclass\u001b[39m=\u001b[32m\"nav-link\"\u001b[39m\n                \u001b[33mdata-discover\u001b[39m=\u001b[32m\"true\"\u001b[39m\n                \u001b[33mhref\u001b[39m=\u001b[32m\"/reports\"\u001b[39m\n              \u001b[36m>\u001b[39m\n                \u001b[0mReports\u001b[0m\n              \u001b[36m</a>\u001b[39m\n            \u001b[36m</div>\u001b[39m\n          \u001b[36m</section>\u001b[39m\n          \u001b[36m<section\u001b[39m\n            \u001b[33maria-labelledby\u001b[39m=\u001b[32m\"nav-section-administration\"\u001b[39m\n            \u001b[33mclass\u001b[39m=\u001b[32m\"nav-section\"\u001b[39m\n          \u001b[36m>\u001b[39m\n       ...\n    at waitForWrapper (D:\\Documents\\IU\\AgileApp\\frontend\\node_modules\\@testing-library\\dom\\dist\\wait-for.js:163:27)\n    at D:\\Documents\\IU\\AgileApp\\frontend\\node_modules\\@testing-library\\dom\\dist\\query-helpers.js:86:33\n    at D:/Documents/IU/AgileApp/frontend/src/test/integration/segmentCreation.integration.test.tsx:152:25\n    at file:///D:/Documents/IU/AgileApp/frontend/node_modules/@vitest/runner/dist/chunk-artifact.js:1903:20"],"meta":{},"tags":[]},{"ancestorTitles":["segment creation UI integration (item 602)"],"fullName":"segment creation UI integration (item 602) validates the create form before calling the API","status":"passed","title":"validates the create form before calling the API","duration":589.6697000000022,"failureMessages":[],"meta":{},"tags":[]}],"startTime":1783869358595,"endTime":1783869365007.6697,"status":"failed","message":"","name":"D:/Documents/IU/AgileApp/frontend/src/test/integration/segmentCreation.integration.test.tsx"},{"assertionResults":[{"ancestorTitles":["workflow route integration (item 596)"],"fullName":"workflow route integration (item 596) loads campaigns list from the API inside the app shell","status":"passed","title":"loads campaigns list from the API inside the app shell","duration":790.9243000000006,"failureMessages":[],"meta":{},"tags":[]},{"ancestorTitles":["workflow route integration (item 596)"],"fullName":"workflow route integration (item 596) opens campaign builder route with shell navigation available","status":"passed","title":"opens campaign builder route with shell navigation available","duration":185.30349999999999,"failureMessages":[],"meta":{},"tags":[]},{"ancestorTitles":["workflow route integration (item 596)"],"fullName":"workflow route integration (item 596) navigates from campaigns to campaign builder through the shell","status":"passed","title":"navigates from campaigns to campaign builder through the shell","duration":369.03529999999955,"failureMessages":[],"meta":{},"tags":[]},{"ancestorTitles":["workflow route integration (item 596)"],"fullName":"workflow route integration (item 596) loads compliance review queue for compliance officers","status":"passed","title":"loads compliance review queue for compliance officers","duration":182.82910000000084,"failureMessages":[],"meta":{},"tags":[]},{"ancestorTitles":["workflow route integration (item 596)"],"fullName":"workflow route integration (item 596) loads recipient preview for a campaign id route","status":"passed","title":"loads recipient preview for a campaign id route","duration":391.33719999999994,"failureMessages":[],"meta":{},"tags":[]},{"ancestorTitles":["workflow route integration (item 596)"],"fullName":"workflow route integration (item 596) loads audit log route for auditors","status":"passed","title":"loads audit log route for auditors","duration":82.22939999999835,"failureMessages":[],"meta":{},"tags":[]}],"startTime":1783869535073,"endTime":1783869537075.2295,"status":"passed","message":"","name":"D:/Documents/IU/AgileApp/frontend/src/test/integration/workflowRoutes.integration.test.tsx"}]}